<?xml version="1.0" encoding="UTF-8"?>
<testsuite xmlns:xsi="http://www.w3.org/2001/XMLSchema-instance" xsi:noNamespaceSchemaLocation="https://maven.apache.org/surefire/maven-surefire-plugin/xsd/surefire-test-report.xsd" name="tech.zerofiltre.testing.calcul.service.BatchCalculatorServiceTest" time="0.122" tests="4" errors="0" skipped="0" failures="0">
  <properties>
[...]
</properties>
  <testcase name="givenOperationsList_whenbatchCalculate_thenCallsServiceAndReturnsAnswer2" classname="tech.zerofiltre.testing.calcul.service.BatchCalculatorServiceTest" time="0.087"/>
  <testcase name="givenOperationsList_whenbatchCalculate_thenCallsServiceWithCorrectArguments" classname="tech.zerofiltre.testing.calcul.service.BatchCalculatorServiceTest" time="0.008"/>
  <testcase name="givenOperationsList_whenbatchCalculate_thenCallsServiceAndReturnsAnswer" classname="tech.zerofiltre.testing.calcul.service.BatchCalculatorServiceTest" time="0.011"/>
  <testcase name="givenOperationsList_whenbatchCalculate_thenReturnsCorrectAnswerList" classname="tech.zerofiltre.testing.calcul.service.BatchCalculatorServiceTest" time="0.012"/>
</testsuite>